nohup: ignoring input
INFO:     Will watch for changes in these directories: ['/home/codespace/aws-3']
INFO:     Uvicorn running on http://127.0.0.1:8001 (Press CTRL+C to quit)
INFO:     Started reloader process [220688] using StatReload
INFO:     Started server process [220701]
INFO:     Waiting for application startup.
INFO:     Application startup complete.
INFO:     127.0.0.1:52794 - "GET / HTTP/1.1" 200 OK
Bedrock invoke_model failed
Traceback (most recent call last):
  File "/home/codespace/aws-3/main.py", line 133, in call_bedrock_with_validation
    response = bedrock_client.invoke_model(
               ^^^^^^^^^^^^^^^^^^^^^^^^^^^^
  File "/home/codespace/aws-3/.venv/lib/python3.12/site-packages/botocore/client.py", line 602, in _api_call
    return self._make_api_call(operation_name, kwargs)
           ^^^^^^^^^^^^^^^^^^^^^^^^^^^^^^^^^^^^^^^^^^^
  File "/home/codespace/aws-3/.venv/lib/python3.12/site-packages/botocore/context.py", line 123, in wrapper
    return func(*args, **kwargs)
           ^^^^^^^^^^^^^^^^^^^^^
  File "/home/codespace/aws-3/.venv/lib/python3.12/site-packages/botocore/client.py", line 1078, in _make_api_call
    raise error_class(parsed_response, operation_name)
botocore.errorfactory.ValidationException: An error occurred (ValidationException) when calling the InvokeModel operation: messages: Unexpected role "system". The Messages API accepts a top-level `system` parameter, not "system" as an input message role.
INFO:     127.0.0.1:34038 - "POST /api/check-ai HTTP/1.1" 502 Bad Gateway
WARNING:  StatReload detected changes in 'main.py'. Reloading...
INFO:     Shutting down
INFO:     Waiting for application shutdown.
INFO:     Application shutdown complete.
INFO:     Finished server process [220701]
INFO:     Started server process [221749]
INFO:     Waiting for application startup.
INFO:     Application startup complete.
WARNING:  StatReload detected changes in 'main.py'. Reloading...
INFO:     Shutting down
INFO:     Waiting for application shutdown.
INFO:     Application shutdown complete.
INFO:     Finished server process [221749]
INFO:     Started server process [222028]
INFO:     Waiting for application startup.
INFO:     Application startup complete.
WARNING:  StatReload detected changes in 'main.py'. Reloading...
INFO:     Shutting down
INFO:     Waiting for application shutdown.
INFO:     Application shutdown complete.
INFO:     Finished server process [222028]
INFO:     Started server process [222304]
INFO:     Waiting for application startup.
INFO:     Application startup complete.
WARNING:  StatReload detected changes in 'main.py'. Reloading...
INFO:     Shutting down
INFO:     Waiting for application shutdown.
INFO:     Application shutdown complete.
INFO:     Finished server process [222304]
INFO:     Started server process [222439]
INFO:     Waiting for application startup.
INFO:     Application startup complete.
INFO:     127.0.0.1:45780 - "POST /api/check-ai HTTP/1.1" 200 OK
INFO:     127.0.0.1:33808 - "OPTIONS /api/check-ai HTTP/1.1" 200 OK
INFO:     127.0.0.1:33808 - "POST /api/check-ai HTTP/1.1" 200 OK
INFO:     127.0.0.1:48854 - "GET / HTTP/1.1" 200 OK
INFO:     127.0.0.1:48182 - "OPTIONS /api/check-ai HTTP/1.1" 200 OK
INFO:     127.0.0.1:48182 - "POST /api/check-ai HTTP/1.1" 200 OK
INFO:     127.0.0.1:57956 - "POST /api/check-ai HTTP/1.1" 200 OK
INFO:     127.0.0.1:41828 - "POST /api/check-ai HTTP/1.1" 200 OK
